<?xml version="1.0" encoding="UTF-8"?>
<testng-results skipped="0" failed="0" ignored="0" total="1" passed="1">
  <reporter-output>
  </reporter-output>
  <suite name="Default suite" duration-ms="44612" started-at="2022-04-26T14:25:09 IST" finished-at="2022-04-26T14:25:53 IST">
    <groups>
    </groups>
    <test name="Default test" duration-ms="44612" started-at="2022-04-26T14:25:09 IST" finished-at="2022-04-26T14:25:53 IST">
      <class name="tests.Test1">
        <test-method status="PASS" signature="DeleteReportFiles()[pri:0, instance:tests.Test1@770c2e6b]" name="DeleteReportFiles" is-config="true" duration-ms="23" started-at="2022-04-26T14:25:09 IST" finished-at="2022-04-26T14:25:09 IST">
          <reporter-output>
          </reporter-output>
        </test-method> <!-- DeleteReportFiles -->
        <test-method status="PASS" signature="setup()[pri:0, instance:tests.Test1@770c2e6b]" name="setup" is-config="true" duration-ms="39195" started-at="2022-04-26T14:25:09 IST" finished-at="2022-04-26T14:25:48 IST">
          <reporter-output>
          </reporter-output>
        </test-method> <!-- setup -->
        <test-method status="PASS" signature="Home()[pri:1, instance:tests.Test1@770c2e6b]" name="Home" duration-ms="4381" started-at="2022-04-26T14:25:48 IST" finished-at="2022-04-26T14:25:52 IST">
          <reporter-output>
          </reporter-output>
        </test-method> <!-- Home -->
        <test-method status="PASS" signature="tearDown()[pri:0, instance:tests.Test1@770c2e6b]" name="tearDown" is-config="true" duration-ms="998" started-at="2022-04-26T14:25:52 IST" finished-at="2022-04-26T14:25:53 IST">
          <reporter-output>
          </reporter-output>
        </test-method> <!-- tearDown -->
        <test-method status="PASS" signature="finalreport()[pri:0, instance:tests.Test1@770c2e6b]" name="finalreport" is-config="true" duration-ms="1" started-at="2022-04-26T14:25:53 IST" finished-at="2022-04-26T14:25:53 IST">
          <reporter-output>
          </reporter-output>
        </test-method> <!-- finalreport -->
      </class> <!-- tests.Test1 -->
    </test> <!-- Default test -->
  </suite> <!-- Default suite -->
</testng-results>
